<?xml version="1.0" encoding="UTF-8"?>
<!-- Generated by org.testng.reporters.JUnitXMLReporter -->
<testsuite ignored="0" hostname="DESKTOP-U91VT5D" failures="0" tests="4" name="Default test" time="172.319" errors="0" timestamp="2021-09-03T11:03:48 IST">
  <testcase classname="com.selenium.testclass.validateEpicModule" name="home_Page" time="13.731"/>
  <testcase classname="com.selenium.testclass.validateEpicModule" name="project_Page" time="10.234"/>
  <testcase classname="com.selenium.testclass.validateEpicModule" name="epic_Page_valid" time="74.066"/>
  <testcase classname="com.selenium.testclass.validateEpicModule" name="epic_Page_invalid" time="9.201"/>
</testsuite> <!-- Default test -->
