<?xml version="1.0" encoding="UTF-8"?>
<!-- Generated by org.testng.reporters.JUnitXMLReporter -->
<testsuite hostname="DESKTOP-U91VT5D" ignored="0" name="Test" tests="4" failures="0" timestamp="23 Aug 2021 03:54:18 GMT" time="54.057" errors="0">
  <testcase name="homePage" time="14.251" classname="com.testclass.displaybookshelves.validateDisplayBookshelves"/>
  <testcase name="bookshelves" time="15.76" classname="com.testclass.displaybookshelves.validateDisplayBookshelves"/>
  <testcase name="collectionMenu" time="6.019" classname="com.testclass.displaybookshelves.validateDisplayBookshelves"/>
  <testcase name="validatingGiftCard" time="12.215" classname="com.testclass.displaybookshelves.validateDisplayBookshelves"/>
</testsuite> <!-- Test -->
