<?xml version="1.0" encoding="UTF-8"?>
<testsuite xmlns:xsi="http://www.w3.org/2001/XMLSchema-instance" xsi:noNamespaceSchemaLocation="https://maven.apache.org/surefire/maven-surefire-plugin/xsd/surefire-test-report.xsd" name="TestSuite" time="56.199" tests="4" errors="0" skipped="0" failures="0">
  <properties>
[...]
</properties>
  <testcase name="homePage" classname="com.testclass.displaybookshelves.validateDisplayBookshelves" time="14.252"/>
  <testcase name="bookshelves" classname="com.testclass.displaybookshelves.validateDisplayBookshelves" time="15.759"/>
  <testcase name="collectionMenu" classname="com.testclass.displaybookshelves.validateDisplayBookshelves" time="6.019"/>
  <testcase name="validatingGiftCard" classname="com.testclass.displaybookshelves.validateDisplayBookshelves" time="12.214"/>
</testsuite>