<?xml version="1.0" encoding="UTF-8"?>
<!-- Generated by org.testng.reporters.JUnitXMLReporter -->
<testsuite ignored="0" hostname="DESKTOP-U91VT5D" failures="0" tests="3" name="Default test" time="0.044" errors="0" timestamp="2021-08-10T10:58:31 IST">
  <testcase classname="com.opencart.testNgAnnotation" name="firstTest" time="0.004"/>
  <testcase classname="com.opencart.testNgAnnotation" name="secTest" time="0.001"/>
  <testcase classname="com.opencart.testNgAnnotation" name="thirdTest" time="0.001"/>
</testsuite> <!-- Default test -->
