<?xml version="1.0" encoding="UTF-8"?>
<!-- Generated by org.testng.reporters.JUnitXMLReporter -->
<testsuite ignored="0" hostname="DESKTOP-U91VT5D" failures="0" tests="4" name="Default test" time="52.225" errors="0" timestamp="2021-08-23T09:17:52 IST">
  <testcase classname="com.testclass.displaybookshelves.validateDisplayBookshelves" name="homePage" time="12.942"/>
  <testcase classname="com.testclass.displaybookshelves.validateDisplayBookshelves" name="bookshelves" time="15.783"/>
  <testcase classname="com.testclass.displaybookshelves.validateDisplayBookshelves" name="collectionMenu" time="6.072"/>
  <testcase classname="com.testclass.displaybookshelves.validateDisplayBookshelves" name="validatingGiftCard" time="12.35"/>
</testsuite> <!-- Default test -->
