<?xml version="1.0" encoding="UTF-8"?>
<!-- Generated by org.testng.reporters.JUnitXMLReporter -->
<testsuite ignored="0" hostname="DESKTOP-U91VT5D" failures="0" tests="4" name="Test" time="51.944" errors="0" timestamp="2021-08-26T11:29:57 IST">
  <testcase classname="com.testclass.displaybookshelves.validateDisplayBookshelves" name="homePage" time="12.855"/>
  <testcase classname="com.testclass.displaybookshelves.validateDisplayBookshelves" name="bookshelves" time="15.766"/>
  <testcase classname="com.testclass.displaybookshelves.validateDisplayBookshelves" name="collectionMenu" time="5.839"/>
  <testcase classname="com.testclass.displaybookshelves.validateDisplayBookshelves" name="validatingGiftCard" time="12.168"/>
</testsuite> <!-- Test -->
