<?xml version="1.0" encoding="UTF-8"?>
<testng-results ignored="0" total="3" passed="3" failed="0" skipped="0">
  <reporter-output>
  </reporter-output>
  <suite started-at="2021-08-10T10:58:31 IST" name="Default suite" finished-at="2021-08-10T10:58:31 IST" duration-ms="44">
    <groups>
    </groups>
    <test started-at="2021-08-10T10:58:31 IST" name="Default test" finished-at="2021-08-10T10:58:31 IST" duration-ms="44">
      <class name="com.opencart.testNgAnnotation">
        <test-method is-config="true" signature="beforeClass()[pri:0, instance:com.opencart.testNgAnnotation@38c5cc4c]" started-at="2021-08-10T10:58:31 IST" name="beforeClass" finished-at="2021-08-10T10:58:31 IST" duration-ms="6" status="PASS">
          <reporter-output>
          </reporter-output>
        </test-method> <!-- beforeClass -->
        <test-method is-config="true" signature="beforeMethod()[pri:0, instance:com.opencart.testNgAnnotation@38c5cc4c]" started-at="2021-08-10T10:58:31 IST" name="beforeMethod" finished-at="2021-08-10T10:58:31 IST" duration-ms="0" status="PASS">
          <reporter-output>
          </reporter-output>
        </test-method> <!-- beforeMethod -->
        <test-method signature="firstTest()[pri:0, instance:com.opencart.testNgAnnotation@38c5cc4c]" started-at="2021-08-10T10:58:31 IST" name="firstTest" finished-at="2021-08-10T10:58:31 IST" duration-ms="4" status="PASS">
          <reporter-output>
          </reporter-output>
        </test-method> <!-- firstTest -->
        <test-method is-config="true" signature="afterMethod()[pri:0, instance:com.opencart.testNgAnnotation@38c5cc4c]" started-at="2021-08-10T10:58:31 IST" name="afterMethod" finished-at="2021-08-10T10:58:31 IST" duration-ms="1" status="PASS">
          <reporter-output>
          </reporter-output>
        </test-method> <!-- afterMethod -->
        <test-method is-config="true" signature="beforeMethod()[pri:0, instance:com.opencart.testNgAnnotation@38c5cc4c]" started-at="2021-08-10T10:58:31 IST" name="beforeMethod" finished-at="2021-08-10T10:58:31 IST" duration-ms="0" status="PASS">
          <reporter-output>
          </reporter-output>
        </test-method> <!-- beforeMethod -->
        <test-method signature="secTest()[pri:0, instance:com.opencart.testNgAnnotation@38c5cc4c]" started-at="2021-08-10T10:58:31 IST" name="secTest" finished-at="2021-08-10T10:58:31 IST" duration-ms="1" status="PASS">
          <reporter-output>
          </reporter-output>
        </test-method> <!-- secTest -->
        <test-method signature="thirdTest()[pri:0, instance:com.opencart.testNgAnnotation@38c5cc4c]" started-at="2021-08-10T10:58:31 IST" name="thirdTest" finished-at="2021-08-10T10:58:31 IST" duration-ms="1" status="PASS">
          <reporter-output>
          </reporter-output>
        </test-method> <!-- thirdTest -->
        <test-method is-config="true" signature="beforeMethod()[pri:0, instance:com.opencart.testNgAnnotation@38c5cc4c]" started-at="2021-08-10T10:58:31 IST" name="beforeMethod" finished-at="2021-08-10T10:58:31 IST" duration-ms="0" status="PASS">
          <reporter-output>
          </reporter-output>
        </test-method> <!-- beforeMethod -->
        <test-method is-config="true" signature="afterMethod()[pri:0, instance:com.opencart.testNgAnnotation@38c5cc4c]" started-at="2021-08-10T10:58:31 IST" name="afterMethod" finished-at="2021-08-10T10:58:31 IST" duration-ms="0" status="PASS">
          <reporter-output>
          </reporter-output>
        </test-method> <!-- afterMethod -->
        <test-method is-config="true" signature="afterClass()[pri:0, instance:com.opencart.testNgAnnotation@38c5cc4c]" started-at="2021-08-10T10:58:31 IST" name="afterClass" finished-at="2021-08-10T10:58:31 IST" duration-ms="1" status="PASS">
          <reporter-output>
          </reporter-output>
        </test-method> <!-- afterClass -->
        <test-method is-config="true" signature="afterMethod()[pri:0, instance:com.opencart.testNgAnnotation@38c5cc4c]" started-at="2021-08-10T10:58:31 IST" name="afterMethod" finished-at="2021-08-10T10:58:31 IST" duration-ms="0" status="PASS">
          <reporter-output>
          </reporter-output>
        </test-method> <!-- afterMethod -->
      </class> <!-- com.opencart.testNgAnnotation -->
    </test> <!-- Default test -->
  </suite> <!-- Default suite -->
</testng-results>
