<?xml version="1.0" encoding="UTF-8"?>
<!-- Generated by org.testng.reporters.JUnitXMLReporter -->
<testsuite ignored="0" hostname="DESKTOP-U91VT5D" failures="0" tests="4" name="Test" time="172.721" errors="0" timestamp="2021-09-06T17:45:14 IST">
  <testcase classname="com.selenium.testclass.validateEpicModule" name="home_Page" time="13.395"/>
  <testcase classname="com.selenium.testclass.validateEpicModule" name="project_Page" time="10.257"/>
  <testcase classname="com.selenium.testclass.validateEpicModule" name="epic_Page_valid" time="74.898"/>
  <testcase classname="com.selenium.testclass.validateEpicModule" name="epic_Page_invalid" time="9.194"/>
</testsuite> <!-- Test -->
